
ROM used:   48/2048 (2%)
            48/2048 (2%) including unused fragments

            0.1 Average locations per line
            12.0 Average locations per statement

RAM used:   6/224 (3%) at main() level
            7/224 (3%) worst case

Stack used: 0 worst case (0 in main + 0 for interrupts)
Stack size: 8

Lines Stmts  %   Files
----- ----- ---  -----
   24     4 100  main.c
  551     0   0  ..\..\..\..\..\..\Program Files (x86)\PICCDEMO\devices\16F628A.h
----- -----
  575     4 Total

Page ROM  %  RAM    Vol Diff  Functions:
---- --- --- ---    --- ----  ----------
0     21  44    1             @delay_ms1
0     23  48    1     54  1.5  main
 Inline         0             @cinit1

Program metrics:
    Functions               1
    Statements              4
    Comments                115
    Volume (V)              57
    Difficulty (D)          1.2
    Effort to implement (E) 69
    Time to implement (T)   0 minutes
    Est Delivered Bugs (B)  0
    Cyclomatic Complexity   1
    Maintainability (MI)    88

 Segment     Used  Free
-----------  ----  ----
00000-00003     4  0  
00004-007FF    44  2000  



